# JRE version: OpenJDK Runtime Environment Corretto-11.0.14.10.1 (11.0.14.1+10) (build 11.0.14.1+10-LTS)
# Java VM: OpenJDK 64-Bit Server VM Corretto-11.0.14.10.1 (11.0.14.1+10-LTS, mixed mode, tiered, compressed oops, g1 gc, windows-amd64)
Heap:
 garbage-first heap   total 225280K, used 44021K [0x0000000082200000, 0x0000000100000000)
  region size 1024K, 24 young (24576K), 13 survivors (13312K)
 Metaspace       used 81477K, capacity 83576K, committed 83792K, reserved 1122304K
  class space    used 9889K, capacity 10701K, committed 10752K, reserved 1048576K
GC Heap History (20 events):
Event: 2.386 GC heap before
{Heap before GC invocations=6 (full 0):
 garbage-first heap   total 155648K, used 60243K [0x0000000082200000, 0x0000000100000000)
  region size 1024K, 54 young (55296K), 3 survivors (3072K)
 Metaspace       used 24929K, capacity 25423K, committed 25648K, reserved 1073152K
  class space    used 2645K, capacity 2864K, committed 2944K, reserved 1048576K
}
Event: 2.392 GC heap after
{Heap after GC invocations=7 (full 0):
 garbage-first heap   total 155648K, used 9739K [0x0000000082200000, 0x0000000100000000)
  region size 1024K, 4 young (4096K), 4 survivors (4096K)
 Metaspace       used 24929K, capacity 25423K, committed 25648K, reserved 1073152K
  class space    used 2645K, capacity 2864K, committed 2944K, reserved 1048576K
}
Event: 3.135 GC heap before
{Heap before GC invocations=7 (full 0):
 garbage-first heap   total 155648K, used 74251K [0x0000000082200000, 0x0000000100000000)
  region size 1024K, 67 young (68608K), 4 survivors (4096K)
 Metaspace       used 28514K, capacity 29174K, committed 29488K, reserved 1075200K
  class space    used 3081K, capacity 3360K, committed 3456K, reserved 1048576K
}
Event: 3.143 GC heap after
{Heap after GC invocations=8 (full 0):
 garbage-first heap   total 155648K, used 11744K [0x0000000082200000, 0x0000000100000000)
  region size 1024K, 6 young (6144K), 6 survivors (6144K)
 Metaspace       used 28514K, capacity 29174K, committed 29488K, reserved 1075200K
  class space    used 3081K, capacity 3360K, committed 3456K, reserved 1048576K
}
Event: 4.163 GC heap before
{Heap before GC invocations=8 (full 0):
 garbage-first heap   total 155648K, used 87520K [0x0000000082200000, 0x0000000100000000)
  region size 1024K, 80 young (81920K), 6 survivors (6144K)
 Metaspace       used 33455K, capacity 34278K, committed 34480K, reserved 1079296K
  class space    used 3729K, capacity 4084K, committed 4096K, reserved 1048576K
}
Event: 4.176 GC heap after
{Heap after GC invocations=9 (full 0):
 garbage-first heap   total 155648K, used 13634K [0x0000000082200000, 0x0000000100000000)
  region size 1024K, 7 young (7168K), 7 survivors (7168K)
 Metaspace       used 33455K, capacity 34278K, committed 34480K, reserved 1079296K
  class space    used 3729K, capacity 4084K, committed 4096K, reserved 1048576K
}
Event: 4.458 GC heap before
{Heap before GC invocations=9 (full 0):
 garbage-first heap   total 155648K, used 33090K [0x0000000082200000, 0x0000000100000000)
  region size 1024K, 27 young (27648K), 7 survivors (7168K)
 Metaspace       used 34955K, capacity 35797K, committed 35920K, reserved 1081344K
  class space    used 3941K, capacity 4270K, committed 4352K, reserved 1048576K
}
Event: 4.472 GC heap after
{Heap after GC invocations=10 (full 0):
 garbage-first heap   total 187392K, used 14179K [0x0000000082200000, 0x0000000100000000)
  region size 1024K, 7 young (7168K), 7 survivors (7168K)
 Metaspace       used 34955K, capacity 35797K, committed 35920K, reserved 1081344K
  class space    used 3941K, capacity 4270K, committed 4352K, reserved 1048576K
}
Event: 6.009 GC heap before
{Heap before GC invocations=11 (full 0):
 garbage-first heap   total 187392K, used 110435K [0x0000000082200000, 0x0000000100000000)
  region size 1024K, 102 young (104448K), 7 survivors (7168K)
 Metaspace       used 43160K, capacity 44279K, committed 44496K, reserved 1089536K
  class space    used 5027K, capacity 5476K, committed 5504K, reserved 1048576K
}
Event: 6.022 GC heap after
{Heap after GC invocations=12 (full 0):
 garbage-first heap   total 187392K, used 17475K [0x0000000082200000, 0x0000000100000000)
  region size 1024K, 10 young (10240K), 10 survivors (10240K)
 Metaspace       used 43160K, capacity 44279K, committed 44496K, reserved 1089536K
  class space    used 5027K, capacity 5476K, committed 5504K, reserved 1048576K
}
Event: 7.421 GC heap before
{Heap before GC invocations=12 (full 0):
 garbage-first heap   total 187392K, used 117827K [0x0000000082200000, 0x0000000100000000)
  region size 1024K, 109 young (111616K), 10 survivors (10240K)
 Metaspace       used 54183K, capacity 55491K, committed 55760K, reserved 1097728K
  class space    used 6498K, capacity 7020K, committed 7040K, reserved 1048576K
}
Event: 7.436 GC heap after
{Heap after GC invocations=13 (full 0):
 garbage-first heap   total 187392K, used 20907K [0x0000000082200000, 0x0000000100000000)
  region size 1024K, 10 young (10240K), 10 survivors (10240K)
 Metaspace       used 54183K, capacity 55491K, committed 55760K, reserved 1097728K
  class space    used 6498K, capacity 7020K, committed 7040K, reserved 1048576K
}
Event: 7.978 GC heap before
{Heap before GC invocations=13 (full 0):
 garbage-first heap   total 187392K, used 68011K [0x0000000082200000, 0x0000000100000000)
  region size 1024K, 57 young (58368K), 10 survivors (10240K)
 Metaspace       used 58709K, capacity 60033K, committed 60240K, reserved 1101824K
  class space    used 7159K, capacity 7658K, committed 7680K, reserved 1048576K
}
Event: 7.992 GC heap after
{Heap after GC invocations=14 (full 0):
 garbage-first heap   total 187392K, used 21991K [0x0000000082200000, 0x0000000100000000)
  region size 1024K, 8 young (8192K), 8 survivors (8192K)
 Metaspace       used 58709K, capacity 60033K, committed 60240K, reserved 1101824K
  class space    used 7159K, capacity 7658K, committed 7680K, reserved 1048576K
}
Event: 9.562 GC heap before
{Heap before GC invocations=15 (full 0):
 garbage-first heap   total 187392K, used 123367K [0x0000000082200000, 0x0000000100000000)
  region size 1024K, 107 young (109568K), 8 survivors (8192K)
 Metaspace       used 66553K, capacity 68197K, committed 68304K, reserved 1110016K
  class space    used 8155K, capacity 8807K, committed 8832K, reserved 1048576K
}
Event: 9.577 GC heap after
{Heap after GC invocations=16 (full 0):
 garbage-first heap   total 225280K, used 25154K [0x0000000082200000, 0x0000000100000000)
  region size 1024K, 8 young (8192K), 8 survivors (8192K)
 Metaspace       used 66553K, capacity 68197K, committed 68304K, reserved 1110016K
  class space    used 8155K, capacity 8807K, committed 8832K, reserved 1048576K
}
Event: 12.330 GC heap before
{Heap before GC invocations=16 (full 0):
 garbage-first heap   total 225280K, used 144962K [0x0000000082200000, 0x0000000100000000)
  region size 1024K, 125 young (128000K), 8 survivors (8192K)
 Metaspace       used 72437K, capacity 74306K, committed 74576K, reserved 1114112K
  class space    used 8910K, capacity 9631K, committed 9728K, reserved 1048576K
}
Event: 12.346 GC heap after
{Heap after GC invocations=17 (full 0):
 garbage-first heap   total 225280K, used 29213K [0x0000000082200000, 0x0000000100000000)
  region size 1024K, 12 young (12288K), 12 survivors (12288K)
 Metaspace       used 72437K, capacity 74306K, committed 74576K, reserved 1114112K
  class space    used 8910K, capacity 9631K, committed 9728K, reserved 1048576K
}
Event: 427.877 GC heap before
{Heap before GC invocations=17 (full 0):
 garbage-first heap   total 225280K, used 152093K [0x0000000082200000, 0x0000000100000000)
  region size 1024K, 132 young (135168K), 12 survivors (12288K)
 Metaspace       used 80960K, capacity 83003K, committed 83280K, reserved 1122304K
  class space    used 9854K, capacity 10641K, committed 10752K, reserved 1048576K
}
Event: 427.911 GC heap after
{Heap after GC invocations=18 (full 0):
 garbage-first heap   total 225280K, used 33781K [0x0000000082200000, 0x0000000100000000)
  region size 1024K, 13 young (13312K), 13 survivors (13312K)
 Metaspace       used 80960K, capacity 83003K, committed 83280K, reserved 1122304K
  class space    used 9854K, capacity 10641K, committed 10752K, reserved 1048576K
}

